============================================================
HOOD NN — Entrenamiento HoodNet
============================================================
  Imágenes     : C:\Users\jpove\OneDrive\Escritorio\DOCTORADO\NN_HOOD\hood-backend\data\images
  Anotaciones  : C:\Users\jpove\OneDrive\Escritorio\DOCTORADO\NN_HOOD\hood-backend\data\annotations.json
  Modelos      : C:\Users\jpove\OneDrive\Escritorio\DOCTORADO\NN_HOOD\hood-backend\models
  Épocas       : 60
  Dry-run      : False
  Skip LOOCV   : False

[INFO] Dispositivo: cpu
[INFO] Imágenes únicas con landmarks: 13
[INFO] Muestras de recorte por época (10 zonas × 13 × 8 repeats): 1040

[INFO] Iniciando LOOCV (13 folds)...
C:\Users\jpove\AppData\Roaming\Python\Python313\site-packages\albumentations\core\validation.py:114: UserWarning: ShiftScaleRotate is a special case of Affine transform. Please use Affine transform instead.
  original_init(self, **validated_kwargs)
C:\Users\jpove/.cache\torch\hub\facebookresearch_dinov2_main\dinov2\layers\swiglu_ffn.py:51: UserWarning: xFormers is not available (SwiGLU)
  warnings.warn("xFormers is not available (SwiGLU)")
C:\Users\jpove/.cache\torch\hub\facebookresearch_dinov2_main\dinov2\layers\attention.py:33: UserWarning: xFormers is not available (Attention)
  warnings.warn("xFormers is not available (Attention)")
C:\Users\jpove/.cache\torch\hub\facebookresearch_dinov2_main\dinov2\layers\block.py:40: UserWarning: xFormers is not available (Block)
  warnings.warn("xFormers is not available (Block)")
  [fold 1/13] zona 1/10 — 60 épocas...
    época   1/60  loss=10.6435
    época   2/60  loss=8.4950
    época   3/60  loss=8.3839
    época   4/60  loss=7.6705
    época   5/60  loss=7.1526
    época   6/60  loss=7.2637
    época   7/60  loss=7.0889
    época   8/60  loss=7.0192
    época   9/60  loss=6.5783
    época  10/60  loss=6.7421
    época  11/60  loss=6.7035
    época  12/60  loss=6.7706
    época  13/60  loss=6.2984
    época  14/60  loss=6.6025
    época  15/60  loss=6.2364
    época  16/60  loss=6.1472
    época  17/60  loss=6.3181
    época  18/60  loss=6.1606
    época  19/60  loss=6.0857
    época  20/60  loss=6.0938
    época  21/60  loss=6.1066
    época  22/60  loss=6.2769
    época  23/60  loss=6.0808
    época  24/60  loss=6.2309
    época  25/60  loss=5.9895
    época  26/60  loss=6.0848
    época  27/60  loss=6.1067
    época  28/60  loss=6.1705
    época  29/60  loss=5.9453
    época  30/60  loss=5.9185
    época  31/60  loss=5.9240
    época  32/60  loss=5.9018
    época  33/60  loss=5.9137
    época  34/60  loss=5.9432
    época  35/60  loss=5.6454
    época  36/60  loss=5.9044
    época  37/60  loss=5.7987
    época  38/60  loss=5.7524
    época  39/60  loss=5.9634
    época  40/60  loss=5.8253
    época  41/60  loss=5.7973
    época  42/60  loss=5.6218
    época  43/60  loss=5.7328
    época  44/60  loss=5.8193
    época  45/60  loss=5.9175
    época  46/60  loss=5.7212
    época  47/60  loss=5.7251
    época  48/60  loss=5.9022
    época  49/60  loss=5.6551
    época  50/60  loss=5.7805
    época  51/60  loss=5.7694
    época  52/60  loss=5.8125
    época  53/60  loss=5.8405
    época  54/60  loss=5.7857
    época  55/60  loss=5.8780
    época  56/60  loss=5.8224
    época  57/60  loss=5.9246
    época  58/60  loss=5.7007
    época  59/60  loss=5.5660
    época  60/60  loss=5.8234
  [fold 1/13] zona 1/10 — exact_match=0.000
  [fold 1/13] zona 2/10 — 60 épocas...
    época   1/60  loss=10.2862
    época   2/60  loss=8.3440
    época   3/60  loss=8.0217
    época   4/60  loss=7.5148
    época   5/60  loss=7.6148
    época   6/60  loss=6.8262
    época   7/60  loss=7.0060
    época   8/60  loss=6.8567
    época   9/60  loss=6.6536
    época  10/60  loss=6.5337
    época  11/60  loss=6.5116
    época  12/60  loss=6.4261
    época  13/60  loss=6.5957
    época  14/60  loss=6.3211
    época  15/60  loss=6.3086
    época  16/60  loss=6.2504
    época  17/60  loss=6.3631
    época  18/60  loss=6.1848
    época  19/60  loss=6.3624
    época  20/60  loss=6.0409
    época  21/60  loss=6.0886
    época  22/60  loss=6.1647
    época  23/60  loss=6.1552
    época  24/60  loss=5.8904
    época  25/60  loss=6.2315
    época  26/60  loss=6.3163
    época  27/60  loss=6.1050
    época  28/60  loss=6.1349
    época  29/60  loss=5.9382
    época  30/60  loss=5.9738
    época  31/60  loss=5.8666
    época  32/60  loss=6.1512
    época  33/60  loss=6.1097
    época  34/60  loss=5.8245
    época  35/60  loss=5.9873
    época  36/60  loss=5.9260
    época  37/60  loss=5.9065
    época  38/60  loss=5.8884
    época  39/60  loss=5.8507
    época  40/60  loss=5.7844
    época  41/60  loss=6.0680
    época  42/60  loss=5.7168
    época  43/60  loss=5.7019
    época  44/60  loss=6.2004
    época  45/60  loss=5.9101
    época  46/60  loss=5.8946
    época  47/60  loss=5.6329
    época  48/60  loss=6.0639
    época  49/60  loss=5.9259
    época  50/60  loss=5.6882
    época  51/60  loss=6.0203
    época  52/60  loss=5.8193
    época  53/60  loss=5.9284
    época  54/60  loss=5.8135
    época  55/60  loss=5.8589
    época  56/60  loss=5.7011
    época  57/60  loss=5.7451
    época  58/60  loss=5.8362
    época  59/60  loss=5.7399
    época  60/60  loss=5.7392
  [fold 1/13] zona 2/10 — exact_match=1.000
  [fold 1/13] zona 3/10 — 60 épocas...
    época   1/60  loss=9.6261
    época   2/60  loss=7.9480
    época   3/60  loss=7.5062
    época   4/60  loss=7.2507
    época   5/60  loss=7.1742
    época   6/60  loss=7.3404
    época   7/60  loss=7.0742
    época   8/60  loss=6.8588
    época   9/60  loss=6.8645
    época  10/60  loss=6.7294
    época  11/60  loss=6.5992
    época  12/60  loss=6.6405
    época  13/60  loss=6.5423
    época  14/60  loss=6.6285
    época  15/60  loss=6.5491
    época  16/60  loss=6.5497
    época  17/60  loss=6.3718
    época  18/60  loss=6.3745
    época  19/60  loss=6.2505
    época  20/60  loss=6.3607
    época  21/60  loss=6.4439
    época  22/60  loss=6.2345
    época  23/60  loss=6.3558
    época  24/60  loss=6.5796
    época  25/60  loss=6.2666
    época  26/60  loss=6.2452
    época  27/60  loss=6.2152
    época  28/60  loss=6.4244
    época  29/60  loss=6.3924
    época  30/60  loss=6.2058
    época  31/60  loss=6.2368
    época  32/60  loss=6.1269
    época  33/60  loss=6.1352
    época  34/60  loss=6.1608
    época  35/60  loss=6.1951
    época  36/60  loss=6.2242
    época  37/60  loss=6.1761
    época  38/60  loss=5.9801
    época  39/60  loss=6.2172
    época  40/60  loss=6.1807
    época  41/60  loss=6.0188
    época  42/60  loss=5.9766
    época  43/60  loss=6.0351
    época  44/60  loss=6.1407
    época  45/60  loss=6.0733
    época  46/60  loss=6.2042
    época  47/60  loss=6.0348
    época  48/60  loss=6.0809
    época  49/60  loss=6.1200
    época  50/60  loss=6.0511
    época  51/60  loss=5.9960
    época  52/60  loss=6.0563
    época  53/60  loss=6.0437
    época  54/60  loss=6.1080
    época  55/60  loss=6.1448
    época  56/60  loss=6.0052
    época  57/60  loss=6.1745
    época  58/60  loss=6.0232
    época  59/60  loss=6.1600
    época  60/60  loss=6.1208
  [fold 1/13] zona 3/10 — exact_match=0.000
  [fold 1/13] zona 4/10 — 60 épocas...
    época   1/60  loss=9.7066
    época   2/60  loss=8.4101
    época   3/60  loss=7.5441
    época   4/60  loss=7.0601
    época   5/60  loss=7.1864
    época   6/60  loss=7.0051
    época   7/60  loss=6.7983
    época   8/60  loss=6.5275
    época   9/60  loss=6.6158
    época  10/60  loss=6.6495
    época  11/60  loss=6.3728
    época  12/60  loss=6.3046
    época  13/60  loss=6.4405
    época  14/60  loss=6.1676
    época  15/60  loss=6.2230
    época  16/60  loss=6.1096
    época  17/60  loss=6.0214
    época  18/60  loss=6.2200
    época  19/60  loss=6.0655
    época  20/60  loss=6.1798
    época  21/60  loss=6.0726
    época  22/60  loss=5.9225
    época  23/60  loss=6.1120
    época  24/60  loss=6.1783
    época  25/60  loss=6.2132
    época  26/60  loss=5.8725
    época  27/60  loss=5.8377
    época  28/60  loss=5.8799
    época  29/60  loss=5.8834
    época  30/60  loss=5.8902
    época  31/60  loss=5.9764
    época  32/60  loss=5.8690
    época  33/60  loss=5.7271
    época  34/60  loss=5.7177
    época  35/60  loss=5.9351
    época  36/60  loss=5.8166
    época  37/60  loss=5.8087
    época  38/60  loss=5.7577
    época  39/60  loss=5.8130
    época  40/60  loss=5.6859
    época  41/60  loss=5.6822
    época  42/60  loss=5.8341
    época  43/60  loss=5.6574
    época  44/60  loss=5.7493
    época  45/60  loss=5.8285
    época  46/60  loss=5.7620
    época  47/60  loss=5.6481
    época  48/60  loss=5.8591
    época  49/60  loss=5.8269
    época  50/60  loss=5.7563
    época  51/60  loss=5.9067
    época  52/60  loss=5.8865
    época  53/60  loss=5.6636
    época  54/60  loss=5.8347
    época  55/60  loss=5.9360
    época  56/60  loss=5.6947
    época  57/60  loss=5.7046
    época  58/60  loss=5.6389
    época  59/60  loss=5.7190
    época  60/60  loss=5.6729
  [fold 1/13] zona 4/10 — exact_match=0.000
  [fold 1/13] zona 5/10 — 60 épocas...
    época   1/60  loss=9.2023
    época   2/60  loss=7.7709
    época   3/60  loss=7.2439
    época   4/60  loss=6.9463
    época   5/60  loss=6.8848
    época   6/60  loss=6.8753
    época   7/60  loss=6.5823
    época   8/60  loss=6.3972
    época   9/60  loss=6.4756
    época  10/60  loss=6.3222
    época  11/60  loss=6.3640
    época  12/60  loss=6.3906
    época  13/60  loss=6.3438
    época  14/60  loss=6.2721
    época  15/60  loss=6.4302
    época  16/60  loss=6.2368
    época  17/60  loss=6.2518
    época  18/60  loss=6.2186
    época  19/60  loss=6.3558
    época  20/60  loss=6.1548
    época  21/60  loss=6.1173
    época  22/60  loss=5.9919
    época  23/60  loss=6.1992
    época  24/60  loss=6.0079
    época  25/60  loss=6.1344
    época  26/60  loss=6.2207
    época  27/60  loss=6.0026
    época  28/60  loss=5.8871
    época  29/60  loss=5.9304
    época  30/60  loss=6.1089
    época  31/60  loss=6.1038
    época  32/60  loss=5.9241
    época  33/60  loss=5.9613
    época  34/60  loss=5.9172
    época  35/60  loss=6.0131
    época  36/60  loss=5.9350
    época  37/60  loss=5.8631
    época  38/60  loss=6.0307
    época  39/60  loss=5.9000
    época  40/60  loss=5.8728
    época  41/60  loss=5.8939
    época  42/60  loss=5.8862
    época  43/60  loss=5.8831
    época  44/60  loss=5.9726
    época  45/60  loss=5.9529
    época  46/60  loss=5.8381
    época  47/60  loss=5.9025
    época  48/60  loss=5.9876
    época  49/60  loss=5.8584
    época  50/60  loss=5.9881
    época  51/60  loss=5.8535
    época  52/60  loss=5.8313
    época  53/60  loss=6.0809
    época  54/60  loss=5.9012
    época  55/60  loss=5.9325
    época  56/60  loss=5.9433
    época  57/60  loss=6.0263
    época  58/60  loss=6.0198
    época  59/60  loss=5.8214
    época  60/60  loss=5.7972
  [fold 1/13] zona 5/10 — exact_match=0.000
  [fold 1/13] zona 6/10 — 60 épocas...
    época   1/60  loss=9.6695
    época   2/60  loss=8.1858
    época   3/60  loss=7.5691
    época   4/60  loss=7.0810
    época   5/60  loss=6.8615
    época   6/60  loss=6.8027
    época   7/60  loss=6.8573
    época   8/60  loss=6.4705
    época   9/60  loss=6.5106
    época  10/60  loss=6.6378
    época  11/60  loss=6.3966
    época  12/60  loss=6.4133
    época  13/60  loss=6.1753
    época  14/60  loss=6.4335
    época  15/60  loss=6.3260
    época  16/60  loss=6.3858
    época  17/60  loss=6.3364
    época  18/60  loss=6.0461
    época  19/60  loss=6.1456
    época  20/60  loss=6.2255
    época  21/60  loss=6.1493
    época  22/60  loss=6.3156
    época  23/60  loss=6.0468
    época  24/60  loss=6.1584
    época  25/60  loss=5.9829
    época  26/60  loss=5.9968
    época  27/60  loss=6.1469
    época  28/60  loss=6.0039
    época  29/60  loss=6.0050
    época  30/60  loss=6.1464
    época  31/60  loss=6.0221
    época  32/60  loss=5.8971
    época  33/60  loss=5.8687
    época  34/60  loss=6.1803
    época  35/60  loss=6.0578
    época  36/60  loss=5.8903
    época  37/60  loss=5.9130
    época  38/60  loss=6.1087
    época  39/60  loss=5.9192
    época  40/60  loss=5.9761
    época  41/60  loss=5.8033
    época  42/60  loss=5.8515
    época  43/60  loss=5.9947
    época  44/60  loss=5.8584
    época  45/60  loss=5.8913
    época  46/60  loss=5.9258
    época  47/60  loss=6.0383
    época  48/60  loss=5.9180
    época  49/60  loss=5.7989
    época  50/60  loss=5.9823
    época  51/60  loss=6.0415
    época  52/60  loss=5.9387
    época  53/60  loss=5.9848
    época  54/60  loss=5.8965
    época  55/60  loss=5.9194
    época  56/60  loss=5.8934
    época  57/60  loss=5.7425
    época  58/60  loss=5.8512
    época  59/60  loss=6.0084
    época  60/60  loss=5.9420
  [fold 1/13] zona 6/10 — exact_match=0.000
  [fold 1/13] zona 7/10 — 60 épocas...
    época   1/60  loss=10.9670
    época   2/60  loss=8.2806
    época   3/60  loss=8.1126
    época   4/60  loss=7.5456
    época   5/60  loss=7.0279
    época   6/60  loss=7.0577
    época   7/60  loss=6.8420
    época   8/60  loss=6.6918
    época   9/60  loss=6.5696
    época  10/60  loss=6.8113
    época  11/60  loss=6.4141
    época  12/60  loss=6.4341
    época  13/60  loss=6.4771
    época  14/60  loss=6.3344
    época  15/60  loss=6.2613
    época  16/60  loss=6.1014
    época  17/60  loss=6.2275
    época  18/60  loss=6.1103
    época  19/60  loss=6.1891
    época  20/60  loss=6.0477
    época  21/60  loss=6.0305
    época  22/60  loss=6.0125
    época  23/60  loss=5.9916
    época  24/60  loss=6.0214
    época  25/60  loss=5.9610
    época  26/60  loss=6.1668
    época  27/60  loss=5.9189
    época  28/60  loss=5.7790
    época  29/60  loss=5.7865
    época  30/60  loss=5.7529
    época  31/60  loss=5.7498
    época  32/60  loss=5.8043
    época  33/60  loss=5.7528
    época  34/60  loss=5.8405
    época  35/60  loss=5.8668
    época  36/60  loss=5.7396
    época  37/60  loss=5.8433
    época  38/60  loss=5.8269
    época  39/60  loss=6.0464
    época  40/60  loss=6.0048
    época  41/60  loss=5.6546
    época  42/60  loss=5.6864
    época  43/60  loss=5.7259
    época  44/60  loss=5.6637
    época  45/60  loss=5.5799
    época  46/60  loss=5.8213
    época  47/60  loss=5.7220
    época  48/60  loss=5.7655
    época  49/60  loss=5.8035
    época  50/60  loss=5.6551
    época  51/60  loss=5.8877
    época  52/60  loss=5.7646
    época  53/60  loss=5.6070
    época  54/60  loss=5.7978
    época  55/60  loss=5.7534
    época  56/60  loss=5.8063
    época  57/60  loss=5.6270
    época  58/60  loss=5.6850
    época  59/60  loss=5.8917
    época  60/60  loss=5.6424
  [fold 1/13] zona 7/10 — exact_match=0.000
  [fold 1/13] zona 8/10 — 60 épocas...
    época   1/60  loss=10.9271
    época   2/60  loss=8.5299
    época   3/60  loss=7.8688
    época   4/60  loss=7.6752
    época   5/60  loss=7.5248
    época   6/60  loss=7.6044
    época   7/60  loss=7.0084
    época   8/60  loss=7.0198
    época   9/60  loss=6.8389
    época  10/60  loss=6.8888
    época  11/60  loss=6.8818
    época  12/60  loss=6.6730
    época  13/60  loss=6.7727
    época  14/60  loss=6.5368
    época  15/60  loss=6.5199
    época  16/60  loss=6.5792
    época  17/60  loss=6.3847
    época  18/60  loss=6.4521
    época  19/60  loss=6.3726
    época  20/60  loss=6.5041
    época  21/60  loss=6.3031
    época  22/60  loss=6.3894
    época  23/60  loss=6.2548
    época  24/60  loss=6.1894
    época  25/60  loss=6.3889
    época  26/60  loss=6.3276
    época  27/60  loss=6.1453
    época  28/60  loss=6.2475
    época  29/60  loss=6.0013
    época  30/60  loss=6.0922
    época  31/60  loss=6.2535
    época  32/60  loss=6.0881
    época  33/60  loss=5.9206
    época  34/60  loss=6.1242
    época  35/60  loss=6.2186
    época  36/60  loss=6.0972
    época  37/60  loss=5.9894
    época  38/60  loss=5.9770
    época  39/60  loss=6.1273
    época  40/60  loss=5.9429
    época  41/60  loss=6.1443
    época  42/60  loss=6.0432
    época  43/60  loss=6.0978
    época  44/60  loss=6.0840
    época  45/60  loss=5.9117
    época  46/60  loss=6.0481
    época  47/60  loss=5.9475
    época  48/60  loss=6.0846
    época  49/60  loss=5.7985
    época  50/60  loss=6.1130
    época  51/60  loss=6.0517
    época  52/60  loss=6.0124
    época  53/60  loss=5.9439
    época  54/60  loss=5.9048
    época  55/60  loss=5.8766
    época  56/60  loss=5.9836
    época  57/60  loss=5.8390
    época  58/60  loss=5.9553
    época  59/60  loss=5.8066
    época  60/60  loss=5.8233
  [fold 1/13] zona 8/10 — exact_match=0.000
  [fold 1/13] zona 9/10 — 60 épocas...
    época   1/60  loss=11.0767
    época   2/60  loss=8.6612
    época   3/60  loss=8.2322
    época   4/60  loss=8.1550
    época   5/60  loss=8.0415
    época   6/60  loss=7.9714
    época   7/60  loss=7.8930
    época   8/60  loss=7.8511
    época   9/60  loss=7.7950
    época  10/60  loss=7.7838
    época  11/60  loss=7.7998
    época  12/60  loss=7.7475
    época  13/60  loss=7.7352
    época  14/60  loss=7.7011
    época  15/60  loss=7.6864
    época  16/60  loss=7.7142
    época  17/60  loss=7.6519
    época  18/60  loss=7.6692
    época  19/60  loss=7.6351
    época  20/60  loss=7.6622
    época  21/60  loss=7.6215
    época  22/60  loss=7.6111
    época  23/60  loss=7.6173
    época  24/60  loss=7.5858
    época  25/60  loss=7.5678
    época  26/60  loss=7.5722
    época  27/60  loss=7.5759
    época  28/60  loss=7.5709
    época  29/60  loss=7.5528
    época  30/60  loss=7.5659
    época  31/60  loss=7.5582
    época  32/60  loss=7.5545
    época  33/60  loss=7.5337
    época  34/60  loss=7.5364
    época  35/60  loss=7.5295
    época  36/60  loss=7.5309
    época  37/60  loss=7.5280
    época  38/60  loss=7.5178
    época  39/60  loss=7.5187
    época  40/60  loss=7.5067
    época  41/60  loss=7.5044
    época  42/60  loss=7.5006
    época  43/60  loss=7.5158
    época  44/60  loss=7.5020
    época  45/60  loss=7.4969
    época  46/60  loss=7.5026
    época  47/60  loss=7.5022
    época  48/60  loss=7.4941
    época  49/60  loss=7.4995
    época  50/60  loss=7.5061
    época  51/60  loss=7.4919
    época  52/60  loss=7.4895
    época  53/60  loss=7.4843
    época  54/60  loss=7.4914
    época  55/60  loss=7.4919
    época  56/60  loss=7.4844
    época  57/60  loss=7.4798
    época  58/60  loss=7.4897
    época  59/60  loss=7.4858
    época  60/60  loss=7.4854
  [fold 1/13] zona 9/10 — exact_match=1.000
  [fold 1/13] zona 10/10 — 60 épocas...
    época   1/60  loss=10.7123
    época   2/60  loss=8.4516
    época   3/60  loss=8.1387
    época   4/60  loss=8.0213
    época   5/60  loss=8.0365
    época   6/60  loss=7.9561
    época   7/60  loss=7.9131
    época   8/60  loss=7.8588
    época   9/60  loss=7.8140
    época  10/60  loss=7.7922
    época  11/60  loss=7.7457
    época  12/60  loss=7.7213
    época  13/60  loss=7.7093
    época  14/60  loss=7.6738
    época  15/60  loss=7.6561
    época  16/60  loss=7.6529
    época  17/60  loss=7.6468
    época  18/60  loss=7.6672
    época  19/60  loss=7.6274
    época  20/60  loss=7.6467
    época  21/60  loss=7.6117
    época  22/60  loss=7.6136
    época  23/60  loss=7.5881
    época  24/60  loss=7.5773
    época  25/60  loss=7.5649
    época  26/60  loss=7.5972
    época  27/60  loss=7.5830
    época  28/60  loss=7.5567
    época  29/60  loss=7.5691
    época  30/60  loss=7.5480
    época  31/60  loss=7.5731
    época  32/60  loss=7.5447
    época  33/60  loss=7.5444
    época  34/60  loss=7.5318
    época  35/60  loss=7.5285
    época  36/60  loss=7.5319
    época  37/60  loss=7.5185
    época  38/60  loss=7.5151
    época  39/60  loss=7.5369
    época  40/60  loss=7.5108
    época  41/60  loss=7.5191
    época  42/60  loss=7.5072
    época  43/60  loss=7.5138
    época  44/60  loss=7.5018
    época  45/60  loss=7.4935
    época  46/60  loss=7.4977
    época  47/60  loss=7.5018
    época  48/60  loss=7.4897
    época  49/60  loss=7.4912
    época  50/60  loss=7.4901
    época  51/60  loss=7.4881
    época  52/60  loss=7.4886
    época  53/60  loss=7.4977
    época  54/60  loss=7.4859
    época  55/60  loss=7.4871
    época  56/60  loss=7.4877
    época  57/60  loss=7.4882
    época  58/60  loss=7.4923
    época  59/60  loss=7.4852
    época  60/60  loss=7.4857
  [fold 1/13] zona 10/10 — exact_match=1.000
  fold 01/13 [RV-K023_aE.png]  exact_match_medio=0.300
  [fold 2/13] zona 1/10 — 60 épocas...
    época   1/60  loss=10.4741
    época   2/60  loss=8.7428
    época   3/60  loss=8.0452
    época   4/60  loss=7.7778
    época   5/60  loss=7.5264
    época   6/60  loss=7.2372
    época   7/60  loss=6.9199
    época   8/60  loss=6.8053
    época   9/60  loss=7.0823
    época  10/60  loss=6.7329
    época  11/60  loss=6.5457
    época  12/60  loss=6.5993
    época  13/60  loss=6.5349
    época  14/60  loss=6.5011
    época  15/60  loss=6.6300
    época  16/60  loss=6.3851
    época  17/60  loss=6.3314
    época  18/60  loss=6.2942
    época  19/60  loss=6.2795
    época  20/60  loss=6.0976
    época  21/60  loss=6.2759
    época  22/60  loss=6.0199
    época  23/60  loss=6.3029
    época  24/60  loss=6.1560
    época  25/60  loss=6.0253
    época  26/60  loss=6.0970
    época  27/60  loss=5.9817
    época  28/60  loss=5.9821
    época  29/60  loss=6.0309
    época  30/60  loss=6.1715
    época  31/60  loss=6.1519
    época  32/60  loss=5.9052
    época  33/60  loss=5.9054
    época  34/60  loss=6.0513
    época  35/60  loss=5.8376
    época  36/60  loss=6.1609
    época  37/60  loss=5.9648
    época  38/60  loss=5.8365
    época  39/60  loss=5.8941
    época  40/60  loss=5.8325
    época  41/60  loss=5.9165
    época  42/60  loss=6.0358
    época  43/60  loss=6.0475
    época  44/60  loss=5.9200
    época  45/60  loss=5.6777
    época  46/60  loss=6.0783
    época  47/60  loss=5.9788
    época  48/60  loss=5.8760
    época  49/60  loss=5.8350
    época  50/60  loss=5.8615
    época  51/60  loss=5.6856
    época  52/60  loss=5.9818
    época  53/60  loss=5.8803
    época  54/60  loss=6.0048
    época  55/60  loss=5.8158
    época  56/60  loss=5.7312
    época  57/60  loss=5.6581
    época  58/60  loss=5.6099
    época  59/60  loss=5.7103
    época  60/60  loss=5.9758
  [fold 2/13] zona 1/10 — exact_match=0.000
  [fold 2/13] zona 2/10 — 60 épocas...
    época   1/60  loss=9.7458
    época   2/60  loss=8.1172
    época   3/60  loss=7.4283
    época   4/60  loss=6.9368
    época   5/60  loss=6.7779
    época   6/60  loss=6.8802
    época   7/60  loss=6.6371
    época   8/60  loss=6.3521
    época   9/60  loss=6.4704
    época  10/60  loss=6.3147
    época  11/60  loss=6.3824
    época  12/60  loss=6.4228
    época  13/60  loss=6.1821
    época  14/60  loss=6.1327
    época  15/60  loss=6.2461
    época  16/60  loss=6.0867
    época  17/60  loss=6.0565
    época  18/60  loss=5.9956
    época  19/60  loss=6.0230
    época  20/60  loss=5.9260
    época  21/60  loss=5.9499
    época  22/60  loss=5.8991
    época  23/60  loss=6.0154
    época  24/60  loss=5.9606
    época  25/60  loss=5.8745
    época  26/60  loss=5.8589
    época  27/60  loss=5.8573
    época  28/60  loss=5.9186
    época  29/60  loss=5.8525
    época  30/60  loss=5.6948
    época  31/60  loss=5.6787
    época  32/60  loss=5.8171
    época  33/60  loss=5.8870
    época  34/60  loss=5.9682
    época  35/60  loss=5.6591
    época  36/60  loss=5.8185
    época  37/60  loss=5.8134
    época  38/60  loss=5.7923
    época  39/60  loss=5.7090
    época  40/60  loss=5.6500
    época  41/60  loss=5.8521
    época  42/60  loss=5.8403
    época  43/60  loss=5.7785
    época  44/60  loss=5.5878
    época  45/60  loss=5.6036
    época  46/60  loss=5.6928
    época  47/60  loss=5.6543
    época  48/60  loss=5.5491
    época  49/60  loss=5.7336
    época  50/60  loss=5.5817
    época  51/60  loss=5.6061
    época  52/60  loss=5.6642
    época  53/60  loss=5.8268
    época  54/60  loss=5.4918
    época  55/60  loss=5.7479
    época  56/60  loss=5.6637
    época  57/60  loss=5.8272
    época  58/60  loss=5.8665
    época  59/60  loss=5.6027
    época  60/60  loss=5.6664
  [fold 2/13] zona 2/10 — exact_match=0.000
  [fold 2/13] zona 3/10 — 60 épocas...
    época   1/60  loss=9.3004
    época   2/60  loss=8.0296
    época   3/60  loss=7.8339
    época   4/60  loss=7.4949
    época   5/60  loss=7.1660
    época   6/60  loss=6.9532
    época   7/60  loss=7.1394
    época   8/60  loss=6.9275
    época   9/60  loss=6.7225
    época  10/60  loss=6.6726
    época  11/60  loss=6.6390
    época  12/60  loss=6.6781
    época  13/60  loss=6.6856
    época  14/60  loss=6.5474
    época  15/60  loss=6.3837
    época  16/60  loss=6.5227
    época  17/60  loss=6.4506
    época  18/60  loss=6.5119
    época  19/60  loss=6.4197
    época  20/60  loss=6.3362
    época  21/60  loss=6.3247
    época  22/60  loss=6.3991
    época  23/60  loss=6.3360
    época  24/60  loss=6.2585
    época  25/60  loss=6.2709
    época  26/60  loss=6.3463
    época  27/60  loss=6.3777
    época  28/60  loss=6.2054
    época  29/60  loss=6.1704
    época  30/60  loss=6.2028
    época  31/60  loss=6.2471
    época  32/60  loss=6.2072
    época  33/60  loss=6.1825
    época  34/60  loss=6.3022
    época  35/60  loss=6.2948
    época  36/60  loss=6.2673
    época  37/60  loss=5.9857
    época  38/60  loss=6.3737
    época  39/60  loss=6.1546
    época  40/60  loss=6.2057
    época  41/60  loss=6.0944
    época  42/60  loss=6.1931
    época  43/60  loss=6.1921
    época  44/60  loss=6.1000
    época  45/60  loss=6.1204
    época  46/60  loss=6.0476
    época  47/60  loss=6.1224
    época  48/60  loss=6.0871
    época  49/60  loss=6.0615
    época  50/60  loss=6.2874
    época  51/60  loss=6.0683
    época  52/60  loss=5.9933
    época  53/60  loss=6.0501
    época  54/60  loss=6.1900
    época  55/60  loss=6.0585
    época  56/60  loss=6.1286
    época  57/60  loss=6.1693
    época  58/60  loss=5.8317
    época  59/60  loss=6.0722
    época  60/60  loss=6.0714
  [fold 2/13] zona 3/10 — exact_match=0.000
  [fold 2/13] zona 4/10 — 60 épocas...
    época   1/60  loss=10.2228
    época   2/60  loss=8.4616
    época   3/60  loss=7.7792
    época   4/60  loss=7.4434
    época   5/60  loss=7.2875
    época   6/60  loss=7.1519
    época   7/60  loss=7.0090
    época   8/60  loss=6.7173
    época   9/60  loss=6.9708
    época  10/60  loss=6.6318
    época  11/60  loss=6.4638
    época  12/60  loss=6.6709
    época  13/60  loss=6.5037
    época  14/60  loss=6.3279
    época  15/60  loss=6.3653
    época  16/60  loss=6.2857
    época  17/60  loss=6.1076
    época  18/60  loss=6.1497
    época  19/60  loss=6.2042
    época  20/60  loss=6.0821
    época  21/60  loss=6.1622
    época  22/60  loss=6.3207
    época  23/60  loss=6.1122
[PAUSED] Checkpoint guardado (fold 2, zona 4, época 23)

[PAUSED] Entrenamiento pausado. Usa 'Reanudar' en la app para continuar.
============================================================
HOOD NN — Entrenamiento HoodNet
============================================================
  Imágenes     : C:\Users\jpove\OneDrive\Escritorio\DOCTORADO\NN_HOOD\hood-backend\data\images
  Anotaciones  : C:\Users\jpove\OneDrive\Escritorio\DOCTORADO\NN_HOOD\hood-backend\data\annotations.json
  Modelos      : C:\Users\jpove\OneDrive\Escritorio\DOCTORADO\NN_HOOD\hood-backend\models
  Épocas       : 60
  Dry-run      : False
  Skip LOOCV   : False

[INFO] Dispositivo: cpu
[INFO] Imágenes únicas con landmarks: 13
[INFO] Muestras de recorte por época (10 zonas × 13 × 8 repeats): 1040

[INFO] Reanudando desde checkpoint: fase=loocv, fold=2, zona=4, época completada=23
[INFO] Iniciando LOOCV (13 folds)...
[INFO] Reanudando LOOCV: fold 2, zona 4, época 24
C:\Users\jpove\AppData\Roaming\Python\Python313\site-packages\albumentations\core\validation.py:114: UserWarning: ShiftScaleRotate is a special case of Affine transform. Please use Affine transform instead.
  original_init(self, **validated_kwargs)
C:\Users\jpove/.cache\torch\hub\facebookresearch_dinov2_main\dinov2\layers\swiglu_ffn.py:51: UserWarning: xFormers is not available (SwiGLU)
  warnings.warn("xFormers is not available (SwiGLU)")
C:\Users\jpove/.cache\torch\hub\facebookresearch_dinov2_main\dinov2\layers\attention.py:33: UserWarning: xFormers is not available (Attention)
  warnings.warn("xFormers is not available (Attention)")
C:\Users\jpove/.cache\torch\hub\facebookresearch_dinov2_main\dinov2\layers\block.py:40: UserWarning: xFormers is not available (Block)
  warnings.warn("xFormers is not available (Block)")
  [resumiendo] fold 2, zona 4 desde época 24
  [fold 2/13] zona 4/10 — 24..60 épocas...
    época  24/60  loss=4.1445
    época  25/60  loss=4.2677
    época  26/60  loss=4.2056
    época  27/60  loss=4.3127
    época  28/60  loss=4.2941
    época  29/60  loss=4.4986
    época  30/60  loss=3.9873
    época  31/60  loss=4.2133
    época  32/60  loss=4.1511
    época  33/60  loss=3.9947
    época  34/60  loss=4.2362
    época  35/60  loss=4.0528
    época  36/60  loss=4.5151
    época  37/60  loss=4.0069
    época  38/60  loss=4.2057
    época  39/60  loss=3.9064
    época  40/60  loss=4.2342
    época  41/60  loss=3.9921
    época  42/60  loss=3.9866
    época  43/60  loss=3.9630
    época  44/60  loss=3.9853
    época  45/60  loss=3.9296
    época  46/60  loss=4.1494
    época  47/60  loss=4.0089
    época  48/60  loss=3.8773
    época  49/60  loss=3.9316
    época  50/60  loss=3.9192
    época  51/60  loss=4.0842
    época  52/60  loss=3.9272
    época  53/60  loss=3.8604
    época  54/60  loss=3.9939
    época  55/60  loss=4.2465
    época  56/60  loss=4.1377
    época  57/60  loss=4.2760
    época  58/60  loss=3.9578
    época  59/60  loss=4.1228
    época  60/60  loss=4.0488
  [fold 2/13] zona 4/10 — exact_match=0.000
  [fold 2/13] zona 5/10 — 60 épocas...
    época   1/60  loss=8.4710
    época   2/60  loss=5.8248
    época   3/60  loss=5.7104
    época   4/60  loss=5.1261
    época   5/60  loss=4.9032
    época   6/60  loss=4.8617
    época   7/60  loss=5.0100
    época   8/60  loss=4.6955
    época   9/60  loss=4.4771
    época  10/60  loss=4.5909
    época  11/60  loss=4.4686
    época  12/60  loss=4.3262
    época  13/60  loss=4.3703
    época  14/60  loss=4.2843
    época  15/60  loss=4.2239
    época  16/60  loss=4.4225
    época  17/60  loss=4.2722
    época  18/60  loss=4.2760
    época  19/60  loss=4.3421
    época  20/60  loss=4.1526
    época  21/60  loss=4.1160
    época  22/60  loss=4.0485
    época  23/60  loss=4.2010
    época  24/60  loss=4.0739
    época  25/60  loss=4.1608
    época  26/60  loss=4.1427
    época  27/60  loss=4.0248
    época  28/60  loss=4.3142
    época  29/60  loss=4.1337
    época  30/60  loss=3.9800
    época  31/60  loss=4.1081
    época  32/60  loss=4.0208
    época  33/60  loss=4.0023
    época  34/60  loss=4.2088
    época  35/60  loss=3.9343
    época  36/60  loss=3.9365
    época  37/60  loss=3.9216
    época  38/60  loss=4.0349
    época  39/60  loss=3.9036
    época  40/60  loss=4.1503
    época  41/60  loss=4.0454
    época  42/60  loss=4.0042
    época  43/60  loss=3.7923
    época  44/60  loss=3.9735
    época  45/60  loss=3.9122
    época  46/60  loss=3.9537
    época  47/60  loss=4.0877
    época  48/60  loss=3.8949
    época  49/60  loss=4.1106
    época  50/60  loss=3.9240
    época  51/60  loss=3.7307
    época  52/60  loss=3.9859
    época  53/60  loss=3.8608
    época  54/60  loss=3.9671
    época  55/60  loss=3.9929
    época  56/60  loss=3.9671
    época  57/60  loss=3.7958
    época  58/60  loss=3.8479
    época  59/60  loss=4.0407
    época  60/60  loss=4.0410
  [fold 2/13] zona 5/10 — exact_match=0.000
  [fold 2/13] zona 6/10 — 60 épocas...
    época   1/60  loss=7.6115
    época   2/60  loss=6.1151
    época   3/60  loss=5.4997
    época   4/60  loss=4.9775
    época   5/60  loss=4.8472
    época   6/60  loss=5.0560
    época   7/60  loss=4.8285
    época   8/60  loss=4.7926
    época   9/60  loss=4.4620
    época  10/60  loss=4.4118
    época  11/60  loss=4.5333
    época  12/60  loss=4.5162
    época  13/60  loss=4.5297
    época  14/60  loss=4.3693
    época  15/60  loss=4.3031
    época  16/60  loss=4.3802
    época  17/60  loss=4.2523
    época  18/60  loss=4.2617
    época  19/60  loss=4.3146
    época  20/60  loss=4.2451
    época  21/60  loss=4.2313
    época  22/60  loss=4.0982
    época  23/60  loss=4.0786
    época  24/60  loss=4.1610
    época  25/60  loss=4.1887
    época  26/60  loss=4.1844
    época  27/60  loss=4.0128
    época  28/60  loss=4.0461
    época  29/60  loss=3.8565
    época  30/60  loss=4.1599
    época  31/60  loss=4.1614
    época  32/60  loss=4.1578
    época  33/60  loss=4.2244
    época  34/60  loss=3.8495
    época  35/60  loss=4.0874
    época  36/60  loss=3.9846
    época  37/60  loss=4.0066
    época  38/60  loss=4.0895
    época  39/60  loss=3.9626
    época  40/60  loss=4.0174
    época  41/60  loss=4.1672
    época  42/60  loss=4.0440
    época  43/60  loss=4.0435
    época  44/60  loss=4.0874
    época  45/60  loss=4.0390
    época  46/60  loss=3.8602
    época  47/60  loss=3.8907
    época  48/60  loss=4.1601
    época  49/60  loss=3.7728
    época  50/60  loss=3.8367
    época  51/60  loss=3.9120
    época  52/60  loss=4.0640
    época  53/60  loss=3.8821
    época  54/60  loss=3.9093
    época  55/60  loss=4.0244
    época  56/60  loss=3.8105
    época  57/60  loss=3.8439
    época  58/60  loss=4.1341
    época  59/60  loss=4.0123
    época  60/60  loss=3.9555
  [fold 2/13] zona 6/10 — exact_match=0.000
  [fold 2/13] zona 7/10 — 60 épocas...
    época   1/60  loss=10.0838
    época   2/60  loss=7.1699
    época   3/60  loss=6.3857
    época   4/60  loss=5.9792
    época   5/60  loss=5.9630
    época   6/60  loss=5.3831
    época   7/60  loss=5.2010
    época   8/60  loss=5.3232
    época   9/60  loss=4.7859
    época  10/60  loss=4.7231
    época  11/60  loss=4.8915
    época  12/60  loss=4.8926
    época  13/60  loss=4.8459
    época  14/60  loss=4.8733
    época  15/60  loss=4.7447
    época  16/60  loss=4.8157
    época  17/60  loss=4.3162
    época  18/60  loss=4.8291
    época  19/60  loss=4.6421
    época  20/60  loss=4.4940
    época  21/60  loss=4.3921
    época  22/60  loss=4.4961
    época  23/60  loss=4.2966
    época  24/60  loss=4.3218
    época  25/60  loss=4.2803
    época  26/60  loss=4.3998
    época  27/60  loss=4.1419
    época  28/60  loss=4.2405
    época  29/60  loss=4.2819
    época  30/60  loss=4.1328
    época  31/60  loss=4.3769
    época  32/60  loss=4.4724
    época  33/60  loss=4.3251
    época  34/60  loss=4.2262
    época  35/60  loss=3.9584
    época  36/60  loss=4.2252
    época  37/60  loss=4.1878
    época  38/60  loss=4.2500
    época  39/60  loss=4.3672
    época  40/60  loss=4.2160
    época  41/60  loss=4.2286
    época  42/60  loss=4.2750
    época  43/60  loss=3.8812
    época  44/60  loss=4.2126
    época  45/60  loss=4.1361
    época  46/60  loss=4.1583
    época  47/60  loss=4.1655
    época  48/60  loss=4.1084
    época  49/60  loss=3.9949
    época  50/60  loss=4.0358
    época  51/60  loss=4.3738
    época  52/60  loss=4.0493
    época  53/60  loss=4.0467
    época  54/60  loss=4.0979
    época  55/60  loss=4.0411
    época  56/60  loss=4.4777
    época  57/60  loss=4.2562
    época  58/60  loss=4.1216
    época  59/60  loss=3.9740
    época  60/60  loss=3.9382
  [fold 2/13] zona 7/10 — exact_match=0.000
  [fold 2/13] zona 8/10 — 60 épocas...
    época   1/60  loss=8.1883
    época   2/60  loss=6.6169
    época   3/60  loss=6.1659
    época   4/60  loss=5.8154
    época   5/60  loss=5.9147
    época   6/60  loss=5.2617
    época   7/60  loss=5.0839
    época   8/60  loss=5.4357
    época   9/60  loss=5.0881
    época  10/60  loss=5.1804
    época  11/60  loss=4.8281
    época  12/60  loss=5.0310
    época  13/60  loss=4.7654
    época  14/60  loss=4.6643
    época  15/60  loss=5.0336
    época  16/60  loss=5.0843
    época  17/60  loss=4.8926
    época  18/60  loss=4.5709
    época  19/60  loss=4.6600
    época  20/60  loss=4.6863
    época  21/60  loss=4.5386
    época  22/60  loss=4.5536
    época  23/60  loss=4.5315
    época  24/60  loss=4.4959
    época  25/60  loss=4.5604
    época  26/60  loss=4.5473
    época  27/60  loss=4.2559
    época  28/60  loss=4.2932
    época  29/60  loss=4.3293
    época  30/60  loss=4.4507
    época  31/60  loss=4.5968
    época  32/60  loss=4.3176
    época  33/60  loss=4.2856
    época  34/60  loss=4.4518
    época  35/60  loss=4.3107
    época  36/60  loss=4.4026
    época  37/60  loss=4.3285
    época  38/60  loss=4.4557
    época  39/60  loss=4.4843
    época  40/60  loss=4.1070
    época  41/60  loss=4.6454
    época  42/60  loss=4.2449
    época  43/60  loss=4.2636
    época  44/60  loss=4.4626
    época  45/60  loss=4.2801
    época  46/60  loss=4.0609
    época  47/60  loss=4.2930
    época  48/60  loss=4.1152
    época  49/60  loss=4.2261
[PAUSED] Checkpoint guardado (fold 2, zona 8, época 49)

[PAUSED] Entrenamiento pausado. Usa 'Reanudar' en la app para continuar.
============================================================
HOOD NN — Entrenamiento HoodNet
============================================================
  Imágenes     : C:\Users\jpove\OneDrive\Escritorio\DOCTORADO\NN_HOOD\hood-backend\data\images
  Anotaciones  : C:\Users\jpove\OneDrive\Escritorio\DOCTORADO\NN_HOOD\hood-backend\data\annotations.json
  Modelos      : C:\Users\jpove\OneDrive\Escritorio\DOCTORADO\NN_HOOD\hood-backend\models
  Épocas       : 60
  Dry-run      : False
  Skip LOOCV   : False

[INFO] Dispositivo: cpu
[INFO] Imágenes únicas con landmarks: 13
[INFO] Muestras de recorte por época (10 zonas × 13 × 8 repeats): 1040

[INFO] Reanudando desde checkpoint: fase=loocv, fold=2, zona=8, época completada=49
[INFO] Iniciando LOOCV (13 folds)...
[INFO] Reanudando LOOCV: fold 2, zona 8, época 50
C:\Users\jpove\AppData\Roaming\Python\Python313\site-packages\albumentations\core\validation.py:114: UserWarning: ShiftScaleRotate is a special case of Affine transform. Please use Affine transform instead.
  original_init(self, **validated_kwargs)
C:\Users\jpove/.cache\torch\hub\facebookresearch_dinov2_main\dinov2\layers\swiglu_ffn.py:51: UserWarning: xFormers is not available (SwiGLU)
  warnings.warn("xFormers is not available (SwiGLU)")
C:\Users\jpove/.cache\torch\hub\facebookresearch_dinov2_main\dinov2\layers\attention.py:33: UserWarning: xFormers is not available (Attention)
  warnings.warn("xFormers is not available (Attention)")
C:\Users\jpove/.cache\torch\hub\facebookresearch_dinov2_main\dinov2\layers\block.py:40: UserWarning: xFormers is not available (Block)
  warnings.warn("xFormers is not available (Block)")
  [resumiendo] fold 2, zona 8 desde época 50
  [fold 2/13] zona 8/10 — 50..60 épocas...
    época  50/60  loss=4.1887
    época  51/60  loss=4.2581
    época  52/60  loss=4.1939
    época  53/60  loss=4.1201
[PAUSED] Checkpoint guardado (fold 2, zona 8, época 53)

[PAUSED] Entrenamiento pausado. Usa 'Reanudar' en la app para continuar.
